<?xml version="1.0" encoding="UTF-8"?>
<testsuite xmlns:xsi="http://www.w3.org/2001/XMLSchema-instance" xsi:noNamespaceSchemaLocation="https://maven.apache.org/surefire/maven-surefire-plugin/xsd/surefire-test-report.xsd" name="BonusServiceTest" time="0.27" tests="4" errors="0" skipped="0" failures="0">
  <properties>
[...]
</properties>
  <testcase name="shouldCalculate2{String, long, boolean, long}[1]" classname="BonusServiceTest" time="0.112"/>
  <testcase name="shouldCalculate2{String, long, boolean, long}[2]" classname="BonusServiceTest" time="0.003"/>
  <testcase name="shouldCalculate{String, long, boolean, long}[1]" classname="BonusServiceTest" time="0"/>
  <testcase name="shouldCalculate{String, long, boolean, long}[2]" classname="BonusServiceTest" time="0"/>
</testsuite>